{
  "stats": {
    "suites": 1,
    "tests": 1,
    "passes": 1,
    "pending": 0,
    "failures": 0,
    "start": "2023-11-07T10:00:50.353Z",
    "end": "2023-11-07T10:00:50.832Z",
    "duration": 479,
    "testsRegistered": 1,
    "passPercent": 100,
    "pendingPercent": 0,
    "other": 0,
    "hasOther": false,
    "skipped": 0,
    "hasSkipped": false
  },
  "results": [
    {
      "uuid": "adbe4405-ad3f-4a27-b9d4-1208978c457e",
      "title": "",
      "fullFile": "cypress\\api_test_scripts\\TC_001-2_GET_request.js",
      "file": "cypress\\api_test_scripts\\TC_001-2_GET_request.js",
      "beforeHooks": [],
      "afterHooks": [],
      "tests": [],
      "suites": [
        {
          "uuid": "07e69ebe-642b-4e23-93e8-e93716ad200e",
          "title": "Test GET request",
          "fullFile": "",
          "file": "",
          "beforeHooks": [],
          "afterHooks": [],
          "tests": [
            {
              "title": "should be able to send GET request",
              "fullTitle": "Test GET request should be able to send GET request",
              "timedOut": null,
              "duration": 362,
              "state": "passed",
              "speed": "fast",
              "pass": true,
              "fail": false,
              "pending": false,
              "context": null,
              "code": "cy.request({\n  url: 'https://jsonplaceholder.typicode.com/posts',\n  method: 'GET'\n}).then(res => {\n  let {\n    status,\n    body\n  } = res;\n  expect(status).to.eq(200);\n  expect(body).to.have.lengthOf(100);\n  expect(body.length).to.eq(100);\n  // Get random element from array object\n  let randomIndex = Math.floor(Math.random() * body.length);\n  let randomObject = body[randomIndex];\n  // Verification\n  verifyNotEmpty('userID', randomObject.userId);\n  verifyNotEmpty('ID', randomObject.id);\n  verifyNotEmpty('title', randomObject.title);\n  verifyNotEmpty('body', randomObject.body);\n});",
              "err": {},
              "uuid": "92154b49-0a8c-4efc-8355-59ce323f67f0",
              "parentUUID": "07e69ebe-642b-4e23-93e8-e93716ad200e",
              "isHook": false,
              "skipped": false
            }
          ],
          "suites": [],
          "passes": [
            "92154b49-0a8c-4efc-8355-59ce323f67f0"
          ],
          "failures": [],
          "pending": [],
          "skipped": [],
          "duration": 362,
          "root": false,
          "rootEmpty": false,
          "_timeout": 2000
        }
      ],
      "passes": [],
      "failures": [],
      "pending": [],
      "skipped": [],
      "duration": 0,
      "root": true,
      "rootEmpty": true,
      "_timeout": 2000
    }
  ],
  "meta": {
    "mocha": {
      "version": "7.0.1"
    },
    "mochawesome": {
      "options": {
        "quiet": false,
        "reportFilename": "mochawesome",
        "saveHtml": false,
        "saveJson": true,
        "consoleReporter": "spec",
        "useInlineDiffs": false,
        "code": true
      },
      "version": "7.1.3"
    },
    "marge": {
      "options": {
        "reportDir": "results",
        "overwrite": false,
        "html": false,
        "json": true
      },
      "version": "6.2.0"
    }
  }
}