{
  "stats": {
    "suites": 1,
    "tests": 1,
    "passes": 1,
    "pending": 0,
    "failures": 0,
    "start": "2023-11-07T10:01:02.921Z",
    "end": "2023-11-07T10:01:03.385Z",
    "duration": 464,
    "testsRegistered": 1,
    "passPercent": 100,
    "pendingPercent": 0,
    "other": 0,
    "hasOther": false,
    "skipped": 0,
    "hasSkipped": false
  },
  "results": [
    {
      "uuid": "3b8ee283-1fd7-4c1c-b618-f0f7b4905ecb",
      "title": "",
      "fullFile": "cypress\\api_test_scripts\\TC_005_DELETE_request.js",
      "file": "cypress\\api_test_scripts\\TC_005_DELETE_request.js",
      "beforeHooks": [],
      "afterHooks": [],
      "tests": [],
      "suites": [
        {
          "uuid": "9d1d107f-31e0-40dd-8ecc-3e1c9a93b785",
          "title": "Test DELETE request",
          "fullFile": "",
          "file": "",
          "beforeHooks": [],
          "afterHooks": [],
          "tests": [
            {
              "title": "should be able to send DELETE request",
              "fullTitle": "Test DELETE request should be able to send DELETE request",
              "timedOut": null,
              "duration": 377,
              "state": "passed",
              "speed": "fast",
              "pass": true,
              "fail": false,
              "pending": false,
              "context": null,
              "code": "let url = 'https://jsonplaceholder.typicode.com/posts/1';\nlet requestObject = {\n  url: url,\n  method: _Method.DEFAULT.delete\n};\ncy.request(requestObject).then(res => {\n  // cy.log(JSON.stringify(res))\n  let {\n    status,\n    body\n  } = res;\n  // Verification\n  expect(status).to.eq(200, 'Verifying status');\n  expect(body).to.be.empty;\n});",
              "err": {},
              "uuid": "4893e931-e6e7-49fe-bf86-e59162551aad",
              "parentUUID": "9d1d107f-31e0-40dd-8ecc-3e1c9a93b785",
              "isHook": false,
              "skipped": false
            }
          ],
          "suites": [],
          "passes": [
            "4893e931-e6e7-49fe-bf86-e59162551aad"
          ],
          "failures": [],
          "pending": [],
          "skipped": [],
          "duration": 377,
          "root": false,
          "rootEmpty": false,
          "_timeout": 2000
        }
      ],
      "passes": [],
      "failures": [],
      "pending": [],
      "skipped": [],
      "duration": 0,
      "root": true,
      "rootEmpty": true,
      "_timeout": 2000
    }
  ],
  "meta": {
    "mocha": {
      "version": "7.0.1"
    },
    "mochawesome": {
      "options": {
        "quiet": false,
        "reportFilename": "mochawesome",
        "saveHtml": false,
        "saveJson": true,
        "consoleReporter": "spec",
        "useInlineDiffs": false,
        "code": true
      },
      "version": "7.1.3"
    },
    "marge": {
      "options": {
        "reportDir": "results",
        "overwrite": false,
        "html": false,
        "json": true
      },
      "version": "6.2.0"
    }
  }
}